c:\users\omerr\onedrive\desktop\omer\studies\c\airlineproject\x64\debug\vc143.pdb
c:\users\omerr\onedrive\desktop\omer\studies\c\airlineproject\x64\debug\vc143.idb
c:\users\omerr\onedrive\desktop\omer\studies\c\airlineproject\x64\debug\plane.obj
c:\users\omerr\onedrive\desktop\omer\studies\c\airlineproject\x64\debug\myfunctions.obj
c:\users\omerr\onedrive\desktop\omer\studies\c\airlineproject\x64\debug\main.obj
c:\users\omerr\onedrive\desktop\omer\studies\c\airlineproject\x64\debug\flight.obj
c:\users\omerr\onedrive\desktop\omer\studies\c\airlineproject\x64\debug\date.obj
c:\users\omerr\onedrive\desktop\omer\studies\c\airlineproject\x64\debug\airportmanager.obj
c:\users\omerr\onedrive\desktop\omer\studies\c\airlineproject\x64\debug\airport.obj
c:\users\omerr\onedrive\desktop\omer\studies\c\airlineproject\x64\debug\airline.obj
c:\users\omerr\onedrive\desktop\omer\studies\c\airlineproject\x64\debug\airlineproject.pdb
c:\users\omerr\onedrive\desktop\omer\studies\c\airlineproject\x64\debug\airlineproject.tlog\cl.command.1.tlog
c:\users\omerr\onedrive\desktop\omer\studies\c\airlineproject\x64\debug\airlineproject.tlog\cl.read.1.tlog
c:\users\omerr\onedrive\desktop\omer\studies\c\airlineproject\x64\debug\airlineproject.tlog\cl.write.1.tlog
c:\users\omerr\onedrive\desktop\omer\studies\c\airlineproject\x64\debug\airlineproject.tlog\link-cvtres.read.1.tlog
c:\users\omerr\onedrive\desktop\omer\studies\c\airlineproject\x64\debug\airlineproject.tlog\link-cvtres.write.1.tlog
c:\users\omerr\onedrive\desktop\omer\studies\c\airlineproject\x64\debug\airlineproject.tlog\link-rc.read.1.tlog
c:\users\omerr\onedrive\desktop\omer\studies\c\airlineproject\x64\debug\airlineproject.tlog\link-rc.write.1.tlog
c:\users\omerr\onedrive\desktop\omer\studies\c\airlineproject\x64\debug\airlineproject.tlog\link.command.1.tlog
c:\users\omerr\onedrive\desktop\omer\studies\c\airlineproject\x64\debug\airlineproject.tlog\link.read.1.tlog
c:\users\omerr\onedrive\desktop\omer\studies\c\airlineproject\x64\debug\airlineproject.tlog\link.read.2.tlog
c:\users\omerr\onedrive\desktop\omer\studies\c\airlineproject\x64\debug\airlineproject.tlog\link.write.1.tlog
